<?xml version="1.0" encoding="UTF-8"?>
<!-- Generated by org.testng.reporters.JUnitXMLReporter -->
<testsuite ignored="2" hostname="LAPTOP-CR0AC305" failures="1" tests="3" name="chrome" time="27.592" errors="0" timestamp="2023-03-28T16:46:13 IST">
  <testcase classname="test_Classes.LogInTestCases" name="VerifyLoginFunctionalityWithvalidData" time="0.859">
    <failure type="java.lang.AssertionError" message="null">
      <![CDATA[java.lang.AssertionError: null
at test_Classes.LogInTestCases.VerifyLoginFunctionalityWithvalidData(LogInTestCases.java:75)
at java.base/java.util.ArrayList.forEach(ArrayList.java:1511)
... Removed 27 stack frames]]>
    </failure>
  </testcase> <!-- VerifyLoginFunctionalityWithvalidData -->
  <testcase classname="test_Classes.LogInTestCases" name="VerifyLoginFunctionalityWithInvalidData" time="0.756"/>
  <testcase classname="test_Classes.Home_Admin_TestCases" name="verifyAdminTab" time="5.013"/>
  <testcase classname="test_Classes.BaseClass" name="@BeforeTest BeforeTest" time="0.0">
    <ignored/>
  </testcase> <!-- @BeforeTest BeforeTest -->
  <testcase classname="test_Classes.BaseClass" name="@AfterTest afterTest" time="0.0">
    <ignored/>
  </testcase> <!-- @AfterTest afterTest -->
</testsuite> <!-- chrome -->
